<?xml version="1.0" encoding="UTF-8"?>
<!-- Generated by org.testng.reporters.JUnitXMLReporter -->
<testsuite ignored="4" hostname="LAPTOP-DES8B8NC" failures="0" tests="1" name="Default test" time="7.805" errors="0" timestamp="2022-11-04T18:00:45 IST">
  <testcase classname="ExecuteClasses.WaiterPageTestClass" name="verifyTheWaiterPageIsVisibleByClickingOnPeopleWaiter" time="3.624"/>
  <testcase classname="ExecuteClasses.WaiterPageTestClass" name="verifySearchAWaiterByUsingMobileNumber" time="0.0">
    <ignored/>
  </testcase> <!-- verifySearchAWaiterByUsingMobileNumber -->
  <testcase classname="ExecuteClasses.WaiterPageTestClass" name="verifySearchAWaiterByUSingName" time="0.0">
    <ignored/>
  </testcase> <!-- verifySearchAWaiterByUSingName -->
  <testcase classname="ExecuteClasses.WaiterPageTestClass" name="AddNewWaiter" time="0.0">
    <ignored/>
  </testcase> <!-- AddNewWaiter -->
  <testcase classname="ExecuteClasses.WaiterPageTestClass" name="verifyTheAddWaiterButtonIsVisibleOrNot" time="0.0">
    <ignored/>
  </testcase> <!-- verifyTheAddWaiterButtonIsVisibleOrNot -->
</testsuite> <!-- Default test -->
